# JRE version: OpenJDK Runtime Environment (11.0.2+9) (build 11.0.2+9)
# Java VM: OpenJDK 64-Bit Server VM (11.0.2+9, mixed mode, tiered, compressed oops, g1 gc, windows-amd64)
Heap:
 garbage-first heap   total 447488K, used 165294K [0x0000000740000000, 0x0000000800000000)
  region size 1024K, 36 young (36864K), 1 survivors (1024K)
 Metaspace       used 107299K, capacity 109489K, committed 109776K, reserved 1142784K
  class space    used 14670K, capacity 15605K, committed 15744K, reserved 1048576K
GC Heap History (10 events):
Event: 12280.133 GC heap before
{Heap before GC invocations=483 (full 95):
 garbage-first heap   total 447488K, used 191076K [0x0000000740000000, 0x0000000800000000)
  region size 1024K, 60 young (61440K), 1 survivors (1024K)
 Metaspace       used 107276K, capacity 109425K, committed 109776K, reserved 1142784K
  class space    used 14669K, capacity 15605K, committed 15744K, reserved 1048576K
}
Event: 12280.137 GC heap after
{Heap after GC invocations=484 (full 95):
 garbage-first heap   total 447488K, used 130632K [0x0000000740000000, 0x0000000800000000)
  region size 1024K, 1 young (1024K), 1 survivors (1024K)
 Metaspace       used 107276K, capacity 109425K, committed 109776K, reserved 1142784K
  class space    used 14669K, capacity 15605K, committed 15744K, reserved 1048576K
}
Event: 12284.890 GC heap before
{Heap before GC invocations=484 (full 95):
 garbage-first heap   total 447488K, used 191048K [0x0000000740000000, 0x0000000800000000)
  region size 1024K, 60 young (61440K), 1 survivors (1024K)
 Metaspace       used 107277K, capacity 109425K, committed 109776K, reserved 1142784K
  class space    used 14669K, capacity 15605K, committed 15744K, reserved 1048576K
}
Event: 12284.893 GC heap after
{Heap after GC invocations=485 (full 95):
 garbage-first heap   total 447488K, used 130353K [0x0000000740000000, 0x0000000800000000)
  region size 1024K, 1 young (1024K), 1 survivors (1024K)
 Metaspace       used 107277K, capacity 109425K, committed 109776K, reserved 1142784K
  class space    used 14669K, capacity 15605K, committed 15744K, reserved 1048576K
}
Event: 12288.094 GC heap before
{Heap before GC invocations=485 (full 95):
 garbage-first heap   total 447488K, used 190769K [0x0000000740000000, 0x0000000800000000)
  region size 1024K, 60 young (61440K), 1 survivors (1024K)
 Metaspace       used 107286K, capacity 109425K, committed 109776K, reserved 1142784K
  class space    used 14669K, capacity 15605K, committed 15744K, reserved 1048576K
}
Event: 12288.095 GC heap after
{Heap after GC invocations=486 (full 95):
 garbage-first heap   total 447488K, used 130395K [0x0000000740000000, 0x0000000800000000)
  region size 1024K, 1 young (1024K), 1 survivors (1024K)
 Metaspace       used 107286K, capacity 109425K, committed 109776K, reserved 1142784K
  class space    used 14669K, capacity 15605K, committed 15744K, reserved 1048576K
}
Event: 12289.947 GC heap before
{Heap before GC invocations=486 (full 95):
 garbage-first heap   total 447488K, used 190811K [0x0000000740000000, 0x0000000800000000)
  region size 1024K, 60 young (61440K), 1 survivors (1024K)
 Metaspace       used 107286K, capacity 109425K, committed 109776K, reserved 1142784K
  class space    used 14669K, capacity 15605K, committed 15744K, reserved 1048576K
}
Event: 12289.949 GC heap after
{Heap after GC invocations=487 (full 95):
 garbage-first heap   total 447488K, used 130295K [0x0000000740000000, 0x0000000800000000)
  region size 1024K, 1 young (1024K), 1 survivors (1024K)
 Metaspace       used 107286K, capacity 109425K, committed 109776K, reserved 1142784K
  class space    used 14669K, capacity 15605K, committed 15744K, reserved 1048576K
}
Event: 12293.437 GC heap before
{Heap before GC invocations=487 (full 95):
 garbage-first heap   total 447488K, used 190711K [0x0000000740000000, 0x0000000800000000)
  region size 1024K, 60 young (61440K), 1 survivors (1024K)
 Metaspace       used 107292K, capacity 109489K, committed 109776K, reserved 1142784K
  class space    used 14670K, capacity 15605K, committed 15744K, reserved 1048576K
}
Event: 12293.439 GC heap after
{Heap after GC invocations=488 (full 95):
 garbage-first heap   total 447488K, used 130478K [0x0000000740000000, 0x0000000800000000)
  region size 1024K, 1 young (1024K), 1 survivors (1024K)
 Metaspace       used 107292K, capacity 109489K, committed 109776K, reserved 1142784K
  class space    used 14670K, capacity 15605K, committed 15744K, reserved 1048576K
}

