# JRE version: OpenJDK Runtime Environment (11.0.2+9) (build 11.0.2+9)
# Java VM: OpenJDK 64-Bit Server VM (11.0.2+9, mixed mode, tiered, compressed oops, g1 gc, windows-amd64)
Heap:
 garbage-first heap   total 294912K, used 156305K [0x0000000740000000, 0x0000000800000000)
  region size 1024K, 15 young (15360K), 1 survivors (1024K)
 Metaspace       used 108447K, capacity 110422K, committed 111824K, reserved 1144832K
  class space    used 14871K, capacity 15709K, committed 16256K, reserved 1048576K
GC Heap History (10 events):
Event: 13458.576 GC heap before
{Heap before GC invocations=664 (full 31):
 garbage-first heap   total 294912K, used 158575K [0x0000000740000000, 0x0000000800000000)
  region size 1024K, 5 young (5120K), 2 survivors (2048K)
 Metaspace       used 108381K, capacity 110354K, committed 111568K, reserved 1144832K
  class space    used 14871K, capacity 15709K, committed 16256K, reserved 1048576K
}
Event: 13458.639 GC heap after
{Heap after GC invocations=665 (full 32):
 garbage-first heap   total 294912K, used 142262K [0x0000000740000000, 0x0000000800000000)
  region size 1024K, 0 young (0K), 0 survivors (0K)
 Metaspace       used 108381K, capacity 110354K, committed 111568K, reserved 1144832K
  class space    used 14871K, capacity 15709K, committed 16256K, reserved 1048576K
}
Event: 13468.820 GC heap before
{Heap before GC invocations=665 (full 32):
 garbage-first heap   total 294912K, used 203702K [0x0000000740000000, 0x0000000800000000)
  region size 1024K, 60 young (61440K), 0 survivors (0K)
 Metaspace       used 108384K, capacity 110354K, committed 111568K, reserved 1144832K
  class space    used 14871K, capacity 15709K, committed 16256K, reserved 1048576K
}
Event: 13468.822 GC heap after
{Heap after GC invocations=666 (full 32):
 garbage-first heap   total 294912K, used 143037K [0x0000000740000000, 0x0000000800000000)
  region size 1024K, 1 young (1024K), 1 survivors (1024K)
 Metaspace       used 108384K, capacity 110354K, committed 111568K, reserved 1144832K
  class space    used 14871K, capacity 15709K, committed 16256K, reserved 1048576K
}
Event: 13469.752 GC heap before
{Heap before GC invocations=666 (full 32):
 garbage-first heap   total 294912K, used 203453K [0x0000000740000000, 0x0000000800000000)
  region size 1024K, 60 young (61440K), 1 survivors (1024K)
 Metaspace       used 108384K, capacity 110354K, committed 111568K, reserved 1144832K
  class space    used 14871K, capacity 15709K, committed 16256K, reserved 1048576K
}
Event: 13469.754 GC heap after
{Heap after GC invocations=667 (full 32):
 garbage-first heap   total 294912K, used 142673K [0x0000000740000000, 0x0000000800000000)
  region size 1024K, 1 young (1024K), 1 survivors (1024K)
 Metaspace       used 108384K, capacity 110354K, committed 111568K, reserved 1144832K
  class space    used 14871K, capacity 15709K, committed 16256K, reserved 1048576K
}
Event: 13472.651 GC heap before
{Heap before GC invocations=668 (full 32):
 garbage-first heap   total 294912K, used 203089K [0x0000000740000000, 0x0000000800000000)
  region size 1024K, 60 young (61440K), 1 survivors (1024K)
 Metaspace       used 108424K, capacity 110418K, committed 111824K, reserved 1144832K
  class space    used 14871K, capacity 15709K, committed 16256K, reserved 1048576K
}
Event: 13472.653 GC heap after
{Heap after GC invocations=669 (full 32):
 garbage-first heap   total 294912K, used 142803K [0x0000000740000000, 0x0000000800000000)
  region size 1024K, 1 young (1024K), 1 survivors (1024K)
 Metaspace       used 108424K, capacity 110418K, committed 111824K, reserved 1144832K
  class space    used 14871K, capacity 15709K, committed 16256K, reserved 1048576K
}
Event: 13475.773 GC heap before
{Heap before GC invocations=669 (full 32):
 garbage-first heap   total 294912K, used 203219K [0x0000000740000000, 0x0000000800000000)
  region size 1024K, 60 young (61440K), 1 survivors (1024K)
 Metaspace       used 108447K, capacity 110422K, committed 111824K, reserved 1144832K
  class space    used 14871K, capacity 15709K, committed 16256K, reserved 1048576K
}
Event: 13475.776 GC heap after
{Heap after GC invocations=670 (full 32):
 garbage-first heap   total 294912K, used 142993K [0x0000000740000000, 0x0000000800000000)
  region size 1024K, 1 young (1024K), 1 survivors (1024K)
 Metaspace       used 108447K, capacity 110422K, committed 111824K, reserved 1144832K
  class space    used 14871K, capacity 15709K, committed 16256K, reserved 1048576K
}

