# JRE version: OpenJDK Runtime Environment (11.0.2+9) (build 11.0.2+9)
# Java VM: OpenJDK 64-Bit Server VM (11.0.2+9, mixed mode, tiered, compressed oops, g1 gc, windows-amd64)
Heap:
 garbage-first heap   total 245760K, used 174566K [0x0000000740000000, 0x0000000800000000)
  region size 1024K, 33 young (33792K), 2 survivors (2048K)
 Metaspace       used 111423K, capacity 114404K, committed 114512K, reserved 1146880K
  class space    used 15741K, capacity 17075K, committed 17152K, reserved 1048576K
GC Heap History (10 events):
Event: 644.599 GC heap before
{Heap before GC invocations=248 (full 24):
 garbage-first heap   total 245760K, used 203722K [0x0000000740000000, 0x0000000800000000)
  region size 1024K, 60 young (61440K), 1 survivors (1024K)
 Metaspace       used 111390K, capacity 114340K, committed 114512K, reserved 1146880K
  class space    used 15741K, capacity 17075K, committed 17152K, reserved 1048576K
}
Event: 644.602 GC heap after
{Heap after GC invocations=249 (full 24):
 garbage-first heap   total 245760K, used 143422K [0x0000000740000000, 0x0000000800000000)
  region size 1024K, 2 young (2048K), 2 survivors (2048K)
 Metaspace       used 111390K, capacity 114340K, committed 114512K, reserved 1146880K
  class space    used 15741K, capacity 17075K, committed 17152K, reserved 1048576K
}
Event: 646.291 GC heap before
{Heap before GC invocations=249 (full 24):
 garbage-first heap   total 245760K, used 202814K [0x0000000740000000, 0x0000000800000000)
  region size 1024K, 60 young (61440K), 2 survivors (2048K)
 Metaspace       used 111392K, capacity 114340K, committed 114512K, reserved 1146880K
  class space    used 15741K, capacity 17075K, committed 17152K, reserved 1048576K
}
Event: 646.294 GC heap after
{Heap after GC invocations=250 (full 24):
 garbage-first heap   total 245760K, used 143572K [0x0000000740000000, 0x0000000800000000)
  region size 1024K, 2 young (2048K), 2 survivors (2048K)
 Metaspace       used 111392K, capacity 114340K, committed 114512K, reserved 1146880K
  class space    used 15741K, capacity 17075K, committed 17152K, reserved 1048576K
}
Event: 648.569 GC heap before
{Heap before GC invocations=251 (full 24):
 garbage-first heap   total 245760K, used 202964K [0x0000000740000000, 0x0000000800000000)
  region size 1024K, 60 young (61440K), 2 survivors (2048K)
 Metaspace       used 111394K, capacity 114340K, committed 114512K, reserved 1146880K
  class space    used 15741K, capacity 17075K, committed 17152K, reserved 1048576K
}
Event: 648.572 GC heap after
{Heap after GC invocations=252 (full 24):
 garbage-first heap   total 245760K, used 143690K [0x0000000740000000, 0x0000000800000000)
  region size 1024K, 2 young (2048K), 2 survivors (2048K)
 Metaspace       used 111394K, capacity 114340K, committed 114512K, reserved 1146880K
  class space    used 15741K, capacity 17075K, committed 17152K, reserved 1048576K
}
Event: 650.146 GC heap before
{Heap before GC invocations=252 (full 24):
 garbage-first heap   total 245760K, used 203082K [0x0000000740000000, 0x0000000800000000)
  region size 1024K, 60 young (61440K), 2 survivors (2048K)
 Metaspace       used 111395K, capacity 114340K, committed 114512K, reserved 1146880K
  class space    used 15741K, capacity 17075K, committed 17152K, reserved 1048576K
}
Event: 650.150 GC heap after
{Heap after GC invocations=253 (full 24):
 garbage-first heap   total 245760K, used 143759K [0x0000000740000000, 0x0000000800000000)
  region size 1024K, 2 young (2048K), 2 survivors (2048K)
 Metaspace       used 111395K, capacity 114340K, committed 114512K, reserved 1146880K
  class space    used 15741K, capacity 17075K, committed 17152K, reserved 1048576K
}
Event: 652.492 GC heap before
{Heap before GC invocations=254 (full 24):
 garbage-first heap   total 245760K, used 203151K [0x0000000740000000, 0x0000000800000000)
  region size 1024K, 60 young (61440K), 2 survivors (2048K)
 Metaspace       used 111412K, capacity 114340K, committed 114512K, reserved 1146880K
  class space    used 15741K, capacity 17075K, committed 17152K, reserved 1048576K
}
Event: 652.494 GC heap after
{Heap after GC invocations=255 (full 24):
 garbage-first heap   total 245760K, used 143846K [0x0000000740000000, 0x0000000800000000)
  region size 1024K, 2 young (2048K), 2 survivors (2048K)
 Metaspace       used 111412K, capacity 114340K, committed 114512K, reserved 1146880K
  class space    used 15741K, capacity 17075K, committed 17152K, reserved 1048576K
}

